2019-01-07 10:30:04 [192.168.99.1][-][217a7a5d0b0b10f42d86e1cb5f46a021][error][yii\base\InvalidConfigException] yii\base\InvalidConfigException: The directory does not exist: /var/www/html/web/assets in /var/www/html/vendor/yiisoft/yii2/web/AssetManager.php:213
Stack trace:
#0 /var/www/html/vendor/yiisoft/yii2/base/BaseObject.php(109): yii\web\AssetManager->init()
#1 [internal function]: yii\base\BaseObject->__construct(Array)
#2 /var/www/html/vendor/yiisoft/yii2/di/Container.php(375): ReflectionClass->newInstanceArgs(Array)
#3 /var/www/html/vendor/yiisoft/yii2/di/Container.php(156): yii\di\Container->build('yii\\web\\AssetMa...', Array, Array)
#4 /var/www/html/vendor/yiisoft/yii2/BaseYii.php(349): yii\di\Container->get('yii\\web\\AssetMa...', Array, Array)
#5 /var/www/html/vendor/yiisoft/yii2/di/ServiceLocator.php(137): yii\BaseYii::createObject(Array)
#6 /var/www/html/vendor/yiisoft/yii2/base/Module.php(742): yii\di\ServiceLocator->get('assetManager', true)
#7 /var/www/html/vendor/yiisoft/yii2/base/Application.php(608): yii\base\Module->get('assetManager')
#8 /var/www/html/vendor/yiisoft/yii2/web/View.php(225): yii\base\Application->getAssetManager()
#9 /var/www/html/vendor/yiisoft/yii2/web/View.php(285): yii\web\View->getAssetManager()
#10 /var/www/html/vendor/yiisoft/yii2/web/AssetBundle.php(125): yii\web\View->registerAssetBundle('app\\assets\\AppA...')
#11 /var/www/html/views/layouts/main.php(13): yii\web\AssetBundle::register(Object(yii\web\View))
#12 /var/www/html/vendor/yiisoft/yii2/base/View.php(336): require('/var/www/html/v...')
#13 /var/www/html/vendor/yiisoft/yii2/base/View.php(254): yii\base\View->renderPhpFile('/var/www/html/v...', Array)
#14 /var/www/html/vendor/yiisoft/yii2/base/Controller.php(399): yii\base\View->renderFile('/var/www/html/v...', Array, Object(app\controllers\SiteController))
#15 /var/www/html/vendor/yiisoft/yii2/base/Controller.php(385): yii\base\Controller->renderContent('<div class="sit...')
#16 /var/www/html/controllers/SiteController.php(99): yii\base\Controller->render('index')
#17 [internal function]: app\controllers\SiteController->actionIndex()
#18 /var/www/html/vendor/yiisoft/yii2/base/InlineAction.php(57): call_user_func_array(Array, Array)
#19 /var/www/html/vendor/yiisoft/yii2/base/Controller.php(157): yii\base\InlineAction->runWithParams(Array)
#20 /var/www/html/vendor/yiisoft/yii2/base/Module.php(528): yii\base\Controller->runAction('index', Array)
#21 /var/www/html/vendor/yiisoft/yii2/web/Application.php(103): yii\base\Module->runAction('site/index', Array)
#22 /var/www/html/vendor/yiisoft/yii2/base/Application.php(386): yii\web\Application->handleRequest(Object(klisl\languages\Request))
#23 /var/www/html/web/index.php(20): yii\base\Application->run()
#24 {main}
2019-01-07 10:30:04 [192.168.99.1][-][217a7a5d0b0b10f42d86e1cb5f46a021][info][application] $_GET = []

$_POST = []

$_FILES = []

$_COOKIE = [
    'PHPSESSID' => '217a7a5d0b0b10f42d86e1cb5f46a021'
    '_csrf' => '4cec5290c1ac3dc7347591acc991c88f744b78b36b1beb5e871d157db249cbb5a:2:{i:0;s:5:\"_csrf\";i:1;s:32:\"u9iHDPH9d8CaUhCM_bijAXHFkCeNezLO\";}'
    'pma_lang' => 'ru'
    'phpMyAdmin' => 'c6f47135b6896e7dab2424b8d7b018f2'
]

$_SESSION = [
    '__flash' => []
]

$_SERVER = [
    'REDIRECT_STATUS' => '200'
    'HTTP_HOST' => '192.168.99.100:8888'
    'HTTP_CONNECTION' => 'keep-alive'
    'HTTP_CACHE_CONTROL' => 'max-age=0'
    'HTTP_UPGRADE_INSECURE_REQUESTS' => '1'
    'HTTP_USER_AGENT' => 'Mozilla/5.0 (Macintosh; Intel Mac OS X 10_13_3) AppleWebKit/537.36 (KHTML, like Gecko) Chrome/71.0.3578.98 Safari/537.36'
    'HTTP_DNT' => '1'
    'HTTP_ACCEPT' => 'text/html,application/xhtml+xml,application/xml;q=0.9,image/webp,image/apng,*/*;q=0.8'
    'HTTP_ACCEPT_ENCODING' => 'gzip, deflate'
    'HTTP_ACCEPT_LANGUAGE' => 'ru-RU,ru;q=0.9,en-US;q=0.8,en;q=0.7,uk;q=0.6'
    'HTTP_COOKIE' => 'PHPSESSID=217a7a5d0b0b10f42d86e1cb5f46a021; _csrf=4cec5290c1ac3dc7347591acc991c88f744b78b36b1beb5e871d157db249cbb5a%3A2%3A%7Bi%3A0%3Bs%3A5%3A%22_csrf%22%3Bi%3A1%3Bs%3A32%3A%22u9iHDPH9d8CaUhCM_bijAXHFkCeNezLO%22%3B%7D; pma_lang=ru; phpMyAdmin=c6f47135b6896e7dab2424b8d7b018f2'
    'PATH' => '/usr/local/sbin:/usr/local/bin:/usr/sbin:/usr/bin:/sbin:/bin'
    'SERVER_SIGNATURE' => '<address>Apache/2.4.25 (Debian) Server at 192.168.99.100 Port 8888</address>
'
    'SERVER_SOFTWARE' => 'Apache/2.4.25 (Debian)'
    'SERVER_NAME' => '192.168.99.100'
    'SERVER_ADDR' => '192.168.128.3'
    'SERVER_PORT' => '8888'
    'REMOTE_ADDR' => '192.168.99.1'
    'DOCUMENT_ROOT' => '/var/www/html'
    'REQUEST_SCHEME' => 'http'
    'CONTEXT_PREFIX' => ''
    'CONTEXT_DOCUMENT_ROOT' => '/var/www/html'
    'SERVER_ADMIN' => 'webmaster@localhost'
    'SCRIPT_FILENAME' => '/var/www/html/web/index.php'
    'REMOTE_PORT' => '50085'
    'REDIRECT_URL' => '/'
    'GATEWAY_INTERFACE' => 'CGI/1.1'
    'SERVER_PROTOCOL' => 'HTTP/1.1'
    'REQUEST_METHOD' => 'GET'
    'QUERY_STRING' => ''
    'REQUEST_URI' => '/'
    'SCRIPT_NAME' => '/web/index.php'
    'PHP_SELF' => '/web/index.php'
    'REQUEST_TIME_FLOAT' => 1546857004.327
    'REQUEST_TIME' => 1546857004
    'argv' => []
    'argc' => 0
    'YII_DEBUG' => 'true'
    'YII_ENV' => 'dev'
    'VD_KEY' => 'LKZsPszlOvdL4hV2PN40bZAx1D_cMbc5'
    '42_API_CI' => '4f426b21d671ebca5b8843ad0cd8624cecdcebb23bcd160a8c9e8b1b1238c677'
    '42_API_CS' => '23b6dcb1faa5ea9f201ed8d16f28bf4ef76fa30dd26c31ff8749e68905dbf5d7'
    '42_API_RU' => 'http://192.168.99.100:8888/welcome'
    'DB_HOST' => 'mysql'
    'DB_NAME' => 'yii2'
    'DB_USERNAME' => 'yii2'
    'DB_PASSWORD' => 'yii2'
    'UNIX_SOCKET' => '/var/run/mysqld/mysqld.sock'
    'YII_ENV_DEV' => 'true'
    'GITHUB_API_TOKEN' => '8081b597efbc9fbe8c8da5110a25636cc4895104'
    'COMPOSE_FILE' => './docker-compose.yml:./docker-compose.dev.yml'
    'STACK_PHP_IMAGE' => 'local/yii2-app'
]
2019-01-07 10:30:05 [192.168.99.1][-][-][error][yii\web\HttpException:404] yii\web\NotFoundHttpException: Страница не найдена. in /var/www/html/vendor/yiisoft/yii2/web/Request.php:284
Stack trace:
#0 /var/www/html/vendor/yiisoft/yii2/web/Application.php(82): yii\web\Request->resolve()
#1 /var/www/html/vendor/yiisoft/yii2/base/Application.php(386): yii\web\Application->handleRequest(Object(klisl\languages\Request))
#2 /var/www/html/web/index.php(20): yii\base\Application->run()
#3 {main}
2019-01-07 10:30:05 [192.168.99.1][-][-][info][application] $_GET = []

$_POST = []

$_FILES = []

$_COOKIE = [
    'PHPSESSID' => '217a7a5d0b0b10f42d86e1cb5f46a021'
    '_csrf' => '4cec5290c1ac3dc7347591acc991c88f744b78b36b1beb5e871d157db249cbb5a:2:{i:0;s:5:\"_csrf\";i:1;s:32:\"u9iHDPH9d8CaUhCM_bijAXHFkCeNezLO\";}'
    'pma_lang' => 'ru'
    'phpMyAdmin' => 'c6f47135b6896e7dab2424b8d7b018f2'
]

$_SESSION = [
    '__flash' => []
]

$_SERVER = [
    'REDIRECT_STATUS' => '200'
    'HTTP_HOST' => '192.168.99.100:8888'
    'HTTP_CONNECTION' => 'keep-alive'
    'HTTP_PRAGMA' => 'no-cache'
    'HTTP_CACHE_CONTROL' => 'no-cache'
    'HTTP_USER_AGENT' => 'Mozilla/5.0 (Macintosh; Intel Mac OS X 10_13_3) AppleWebKit/537.36 (KHTML, like Gecko) Chrome/71.0.3578.98 Safari/537.36'
    'HTTP_DNT' => '1'
    'HTTP_ACCEPT' => 'image/webp,image/apng,image/*,*/*;q=0.8'
    'HTTP_REFERER' => 'http://192.168.99.100:8888/'
    'HTTP_ACCEPT_ENCODING' => 'gzip, deflate'
    'HTTP_ACCEPT_LANGUAGE' => 'ru-RU,ru;q=0.9,en-US;q=0.8,en;q=0.7,uk;q=0.6'
    'HTTP_COOKIE' => 'PHPSESSID=217a7a5d0b0b10f42d86e1cb5f46a021; _csrf=4cec5290c1ac3dc7347591acc991c88f744b78b36b1beb5e871d157db249cbb5a%3A2%3A%7Bi%3A0%3Bs%3A5%3A%22_csrf%22%3Bi%3A1%3Bs%3A32%3A%22u9iHDPH9d8CaUhCM_bijAXHFkCeNezLO%22%3B%7D; pma_lang=ru; phpMyAdmin=c6f47135b6896e7dab2424b8d7b018f2'
    'PATH' => '/usr/local/sbin:/usr/local/bin:/usr/sbin:/usr/bin:/sbin:/bin'
    'SERVER_SIGNATURE' => '<address>Apache/2.4.25 (Debian) Server at 192.168.99.100 Port 8888</address>
'
    'SERVER_SOFTWARE' => 'Apache/2.4.25 (Debian)'
    'SERVER_NAME' => '192.168.99.100'
    'SERVER_ADDR' => '192.168.128.3'
    'SERVER_PORT' => '8888'
    'REMOTE_ADDR' => '192.168.99.1'
    'DOCUMENT_ROOT' => '/var/www/html'
    'REQUEST_SCHEME' => 'http'
    'CONTEXT_PREFIX' => ''
    'CONTEXT_DOCUMENT_ROOT' => '/var/www/html'
    'SERVER_ADMIN' => 'webmaster@localhost'
    'SCRIPT_FILENAME' => '/var/www/html/web/index.php'
    'REMOTE_PORT' => '50087'
    'REDIRECT_URL' => '/favicon.ico'
    'GATEWAY_INTERFACE' => 'CGI/1.1'
    'SERVER_PROTOCOL' => 'HTTP/1.1'
    'REQUEST_METHOD' => 'GET'
    'QUERY_STRING' => ''
    'REQUEST_URI' => '/favicon.ico'
    'SCRIPT_NAME' => '/web/index.php'
    'PHP_SELF' => '/web/index.php'
    'REQUEST_TIME_FLOAT' => 1546857005.226
    'REQUEST_TIME' => 1546857005
    'argv' => []
    'argc' => 0
    'YII_DEBUG' => 'true'
    'YII_ENV' => 'dev'
    'VD_KEY' => 'LKZsPszlOvdL4hV2PN40bZAx1D_cMbc5'
    '42_API_CI' => '4f426b21d671ebca5b8843ad0cd8624cecdcebb23bcd160a8c9e8b1b1238c677'
    '42_API_CS' => '23b6dcb1faa5ea9f201ed8d16f28bf4ef76fa30dd26c31ff8749e68905dbf5d7'
    '42_API_RU' => 'http://192.168.99.100:8888/welcome'
    'DB_HOST' => 'mysql'
    'DB_NAME' => 'yii2'
    'DB_USERNAME' => 'yii2'
    'DB_PASSWORD' => 'yii2'
    'UNIX_SOCKET' => '/var/run/mysqld/mysqld.sock'
    'YII_ENV_DEV' => 'true'
    'GITHUB_API_TOKEN' => '8081b597efbc9fbe8c8da5110a25636cc4895104'
    'COMPOSE_FILE' => './docker-compose.yml:./docker-compose.dev.yml'
    'STACK_PHP_IMAGE' => 'local/yii2-app'
]
2019-01-07 10:31:04 [192.168.99.1][-][217a7a5d0b0b10f42d86e1cb5f46a021][error][yii\web\HttpException:404] yii\web\NotFoundHttpException: Страница не найдена. in /var/www/html/vendor/yiisoft/yii2/web/Request.php:284
Stack trace:
#0 /var/www/html/vendor/yiisoft/yii2/web/Application.php(82): yii\web\Request->resolve()
#1 /var/www/html/vendor/yiisoft/yii2/base/Application.php(386): yii\web\Application->handleRequest(Object(klisl\languages\Request))
#2 /var/www/html/web/index.php(20): yii\base\Application->run()
#3 {main}
2019-01-07 10:31:03 [192.168.99.1][-][217a7a5d0b0b10f42d86e1cb5f46a021][info][application] $_GET = []

$_POST = []

$_FILES = []

$_COOKIE = [
    'PHPSESSID' => '217a7a5d0b0b10f42d86e1cb5f46a021'
    '_csrf' => '4cec5290c1ac3dc7347591acc991c88f744b78b36b1beb5e871d157db249cbb5a:2:{i:0;s:5:\"_csrf\";i:1;s:32:\"u9iHDPH9d8CaUhCM_bijAXHFkCeNezLO\";}'
    'pma_lang' => 'ru'
    'phpMyAdmin' => 'c6f47135b6896e7dab2424b8d7b018f2'
]

$_SESSION = [
    '__flash' => []
]

$_SERVER = [
    'REDIRECT_STATUS' => '200'
    'HTTP_HOST' => '192.168.99.100:8888'
    'HTTP_CONNECTION' => 'keep-alive'
    'HTTP_PRAGMA' => 'no-cache'
    'HTTP_CACHE_CONTROL' => 'no-cache'
    'HTTP_USER_AGENT' => 'Mozilla/5.0 (Macintosh; Intel Mac OS X 10_13_3) AppleWebKit/537.36 (KHTML, like Gecko) Chrome/71.0.3578.98 Safari/537.36'
    'HTTP_DNT' => '1'
    'HTTP_ACCEPT' => 'image/webp,image/apng,image/*,*/*;q=0.8'
    'HTTP_REFERER' => 'http://192.168.99.100:8888/'
    'HTTP_ACCEPT_ENCODING' => 'gzip, deflate'
    'HTTP_ACCEPT_LANGUAGE' => 'ru-RU,ru;q=0.9,en-US;q=0.8,en;q=0.7,uk;q=0.6'
    'HTTP_COOKIE' => 'PHPSESSID=217a7a5d0b0b10f42d86e1cb5f46a021; _csrf=4cec5290c1ac3dc7347591acc991c88f744b78b36b1beb5e871d157db249cbb5a%3A2%3A%7Bi%3A0%3Bs%3A5%3A%22_csrf%22%3Bi%3A1%3Bs%3A32%3A%22u9iHDPH9d8CaUhCM_bijAXHFkCeNezLO%22%3B%7D; pma_lang=ru; phpMyAdmin=c6f47135b6896e7dab2424b8d7b018f2'
    'PATH' => '/usr/local/sbin:/usr/local/bin:/usr/sbin:/usr/bin:/sbin:/bin'
    'SERVER_SIGNATURE' => '<address>Apache/2.4.25 (Debian) Server at 192.168.99.100 Port 8888</address>
'
    'SERVER_SOFTWARE' => 'Apache/2.4.25 (Debian)'
    'SERVER_NAME' => '192.168.99.100'
    'SERVER_ADDR' => '192.168.128.3'
    'SERVER_PORT' => '8888'
    'REMOTE_ADDR' => '192.168.99.1'
    'DOCUMENT_ROOT' => '/var/www/html'
    'REQUEST_SCHEME' => 'http'
    'CONTEXT_PREFIX' => ''
    'CONTEXT_DOCUMENT_ROOT' => '/var/www/html'
    'SERVER_ADMIN' => 'webmaster@localhost'
    'SCRIPT_FILENAME' => '/var/www/html/web/index.php'
    'REMOTE_PORT' => '50100'
    'REDIRECT_URL' => '/favicon.ico'
    'GATEWAY_INTERFACE' => 'CGI/1.1'
    'SERVER_PROTOCOL' => 'HTTP/1.1'
    'REQUEST_METHOD' => 'GET'
    'QUERY_STRING' => ''
    'REQUEST_URI' => '/favicon.ico'
    'SCRIPT_NAME' => '/web/index.php'
    'PHP_SELF' => '/web/index.php'
    'REQUEST_TIME_FLOAT' => 1546857063.87
    'REQUEST_TIME' => 1546857063
    'argv' => []
    'argc' => 0
    'YII_DEBUG' => 'true'
    'YII_ENV' => 'dev'
    'VD_KEY' => 'LKZsPszlOvdL4hV2PN40bZAx1D_cMbc5'
    '42_API_CI' => '4f426b21d671ebca5b8843ad0cd8624cecdcebb23bcd160a8c9e8b1b1238c677'
    '42_API_CS' => '23b6dcb1faa5ea9f201ed8d16f28bf4ef76fa30dd26c31ff8749e68905dbf5d7'
    '42_API_RU' => 'http://192.168.99.100:8888/welcome'
    'DB_HOST' => 'mysql'
    'DB_NAME' => 'yii2'
    'DB_USERNAME' => 'yii2'
    'DB_PASSWORD' => 'yii2'
    'UNIX_SOCKET' => '/var/run/mysqld/mysqld.sock'
    'YII_ENV_DEV' => 'true'
    'GITHUB_API_TOKEN' => '8081b597efbc9fbe8c8da5110a25636cc4895104'
    'COMPOSE_FILE' => './docker-compose.yml:./docker-compose.dev.yml'
    'STACK_PHP_IMAGE' => 'local/yii2-app'
]
